nohup: ignoring input
2024-10-13 09:53:41.617784: I tensorflow/core/platform/cpu_feature_guard.cc:182] This TensorFlow binary is optimized to use available CPU instructions in performance-critical operations.
To enable the following instructions: SSE SSE2 SSE3 SSE4.1 SSE4.2 AVX AVX2 AVX_VNNI FMA, in other operations, rebuild TensorFlow with the appropriate compiler flags.
C:\Users\zhangwanzhuang\miniconda3\envs\myconda\lib\site-packages\nni\runtime\trial_command_channel\standalone.py:34: RuntimeWarning: [1m[31mRunning trial code without runtime. Please check the tutorial if you are new to NNI: [33mhttps://nni.readthedocs.io/en/stable/tutorials/hpo_quickstart_pytorch/main.html[0m
  warnings.warn(warning_message, RuntimeWarning)
WARNING:absl:`lr` is deprecated in Keras optimizer, please use `learning_rate` or use the legacy optimizer, e.g.,tf.keras.optimizers.legacy.Adam.
Epoch 1/10

1/5 [=====>........................] - ETA: 4s - loss: 2.2990 - accuracy: 0.1250
2/5 [===========>..................] - ETA: 0s - loss: 2.2335 - accuracy: 0.2625
3/5 [=================>............] - ETA: 0s - loss: 2.1697 - accuracy: 0.3050
4/5 [=======================>......] - ETA: 0s - loss: 2.0817 - accuracy: 0.3938
5/5 [==============================] - ETA: 0s - loss: 1.9792 - accuracy: 0.4390[2024-10-13 09:53:43] [32mIntermediate result: {'loss': 1.9792224168777466, 'accuracy': 0.4390000104904175, 'val_loss': 1.4428833723068237, 'val_accuracy': 0.6259999871253967}  (Index 0)[0m
INFO:nni:Intermediate result: {'loss': 1.9792224168777466, 'accuracy': 0.4390000104904175, 'val_loss': 1.4428833723068237, 'val_accuracy': 0.6259999871253967}  (Index 0)

5/5 [==============================] - 2s 191ms/step - loss: 1.9792 - accuracy: 0.4390 - val_loss: 1.4429 - val_accuracy: 0.6260
Epoch 2/10

1/5 [=====>........................] - ETA: 0s - loss: 1.3013 - accuracy: 0.6900
2/5 [===========>..................] - ETA: 0s - loss: 1.2253 - accuracy: 0.7050
3/5 [=================>............] - ETA: 0s - loss: 1.1057 - accuracy: 0.7383
4/5 [=======================>......] - ETA: 0s - loss: 1.0085 - accuracy: 0.7600
5/5 [==============================] - ETA: 0s - loss: 0.9459 - accuracy: 0.7660[2024-10-13 09:53:44] [32mIntermediate result: {'loss': 0.9459254145622253, 'accuracy': 0.765999972820282, 'val_loss': 0.8274264931678772, 'val_accuracy': 0.7250000238418579}  (Index 1)[0m
INFO:nni:Intermediate result: {'loss': 0.9459254145622253, 'accuracy': 0.765999972820282, 'val_loss': 0.8274264931678772, 'val_accuracy': 0.7250000238418579}  (Index 1)

5/5 [==============================] - 1s 130ms/step - loss: 0.9459 - accuracy: 0.7660 - val_loss: 0.8274 - val_accuracy: 0.7250
Epoch 3/10

1/5 [=====>........................] - ETA: 0s - loss: 0.5161 - accuracy: 0.8500
2/5 [===========>..................] - ETA: 0s - loss: 0.5151 - accuracy: 0.8550
3/5 [=================>............] - ETA: 0s - loss: 0.5425 - accuracy: 0.8400
4/5 [=======================>......] - ETA: 0s - loss: 0.5402 - accuracy: 0.8400
5/5 [==============================] - ETA: 0s - loss: 0.5193 - accuracy: 0.8430[2024-10-13 09:53:44] [32mIntermediate result: {'loss': 0.5193055272102356, 'accuracy': 0.8429999947547913, 'val_loss': 0.5973003506660461, 'val_accuracy': 0.8140000104904175}  (Index 2)[0m
INFO:nni:Intermediate result: {'loss': 0.5193055272102356, 'accuracy': 0.8429999947547913, 'val_loss': 0.5973003506660461, 'val_accuracy': 0.8140000104904175}  (Index 2)

5/5 [==============================] - 1s 124ms/step - loss: 0.5193 - accuracy: 0.8430 - val_loss: 0.5973 - val_accuracy: 0.8140
Epoch 4/10

1/5 [=====>........................] - ETA: 0s - loss: 0.2743 - accuracy: 0.9250
2/5 [===========>..................] - ETA: 0s - loss: 0.3110 - accuracy: 0.8975
3/5 [=================>............] - ETA: 0s - loss: 0.3698 - accuracy: 0.8817
4/5 [=======================>......] - ETA: 0s - loss: 0.3826 - accuracy: 0.8813
5/5 [==============================] - ETA: 0s - loss: 0.4055 - accuracy: 0.8760[2024-10-13 09:53:45] [32mIntermediate result: {'loss': 0.4054543375968933, 'accuracy': 0.8759999871253967, 'val_loss': 0.649443507194519, 'val_accuracy': 0.8019999861717224}  (Index 3)[0m
INFO:nni:Intermediate result: {'loss': 0.4054543375968933, 'accuracy': 0.8759999871253967, 'val_loss': 0.649443507194519, 'val_accuracy': 0.8019999861717224}  (Index 3)

5/5 [==============================] - 1s 126ms/step - loss: 0.4055 - accuracy: 0.8760 - val_loss: 0.6494 - val_accuracy: 0.8020
Epoch 5/10

1/5 [=====>........................] - ETA: 0s - loss: 0.4725 - accuracy: 0.8600
2/5 [===========>..................] - ETA: 0s - loss: 0.3566 - accuracy: 0.8925
3/5 [=================>............] - ETA: 0s - loss: 0.3887 - accuracy: 0.8850
4/5 [=======================>......] - ETA: 0s - loss: 0.3483 - accuracy: 0.8975
5/5 [==============================] - ETA: 0s - loss: 0.3476 - accuracy: 0.8950[2024-10-13 09:53:46] [32mIntermediate result: {'loss': 0.34763360023498535, 'accuracy': 0.8949999809265137, 'val_loss': 0.48985275626182556, 'val_accuracy': 0.8399999737739563}  (Index 4)[0m
INFO:nni:Intermediate result: {'loss': 0.34763360023498535, 'accuracy': 0.8949999809265137, 'val_loss': 0.48985275626182556, 'val_accuracy': 0.8399999737739563}  (Index 4)

5/5 [==============================] - 1s 121ms/step - loss: 0.3476 - accuracy: 0.8950 - val_loss: 0.4899 - val_accuracy: 0.8400
Epoch 6/10

1/5 [=====>........................] - ETA: 0s - loss: 0.3252 - accuracy: 0.9050
2/5 [===========>..................] - ETA: 0s - loss: 0.2921 - accuracy: 0.9150
3/5 [=================>............] - ETA: 0s - loss: 0.2743 - accuracy: 0.9200
4/5 [=======================>......] - ETA: 0s - loss: 0.2763 - accuracy: 0.9187
5/5 [==============================] - ETA: 0s - loss: 0.2665 - accuracy: 0.9220[2024-10-13 09:53:46] [32mIntermediate result: {'loss': 0.2664850354194641, 'accuracy': 0.921999990940094, 'val_loss': 0.4186490476131439, 'val_accuracy': 0.859000027179718}  (Index 5)[0m
INFO:nni:Intermediate result: {'loss': 0.2664850354194641, 'accuracy': 0.921999990940094, 'val_loss': 0.4186490476131439, 'val_accuracy': 0.859000027179718}  (Index 5)

5/5 [==============================] - 1s 122ms/step - loss: 0.2665 - accuracy: 0.9220 - val_loss: 0.4186 - val_accuracy: 0.8590
Epoch 7/10

1/5 [=====>........................] - ETA: 0s - loss: 0.2156 - accuracy: 0.9450
2/5 [===========>..................] - ETA: 0s - loss: 0.2403 - accuracy: 0.9400
3/5 [=================>............] - ETA: 0s - loss: 0.2360 - accuracy: 0.9400
4/5 [=======================>......] - ETA: 0s - loss: 0.2270 - accuracy: 0.9388
5/5 [==============================] - ETA: 0s - loss: 0.2207 - accuracy: 0.9380[2024-10-13 09:53:47] [32mIntermediate result: {'loss': 0.22067329287528992, 'accuracy': 0.9380000233650208, 'val_loss': 0.391752690076828, 'val_accuracy': 0.8730000257492065}  (Index 6)[0m
INFO:nni:Intermediate result: {'loss': 0.22067329287528992, 'accuracy': 0.9380000233650208, 'val_loss': 0.391752690076828, 'val_accuracy': 0.8730000257492065}  (Index 6)

5/5 [==============================] - 1s 138ms/step - loss: 0.2207 - accuracy: 0.9380 - val_loss: 0.3918 - val_accuracy: 0.8730
Epoch 8/10

1/5 [=====>........................] - ETA: 0s - loss: 0.1884 - accuracy: 0.9500
2/5 [===========>..................] - ETA: 0s - loss: 0.1655 - accuracy: 0.9525
3/5 [=================>............] - ETA: 0s - loss: 0.1565 - accuracy: 0.9583
4/5 [=======================>......] - ETA: 0s - loss: 0.1652 - accuracy: 0.9550
5/5 [==============================] - ETA: 0s - loss: 0.1699 - accuracy: 0.9550[2024-10-13 09:53:47] [32mIntermediate result: {'loss': 0.1699429303407669, 'accuracy': 0.9549999833106995, 'val_loss': 0.37556764483451843, 'val_accuracy': 0.8759999871253967}  (Index 7)[0m
INFO:nni:Intermediate result: {'loss': 0.1699429303407669, 'accuracy': 0.9549999833106995, 'val_loss': 0.37556764483451843, 'val_accuracy': 0.8759999871253967}  (Index 7)

5/5 [==============================] - 1s 138ms/step - loss: 0.1699 - accuracy: 0.9550 - val_loss: 0.3756 - val_accuracy: 0.8760
Epoch 9/10

1/5 [=====>........................] - ETA: 0s - loss: 0.1437 - accuracy: 0.9600
2/5 [===========>..................] - ETA: 0s - loss: 0.1234 - accuracy: 0.9675
3/5 [=================>............] - ETA: 0s - loss: 0.1486 - accuracy: 0.9667
4/5 [=======================>......] - ETA: 0s - loss: 0.1471 - accuracy: 0.9675
5/5 [==============================] - ETA: 0s - loss: 0.1430 - accuracy: 0.9670[2024-10-13 09:53:48] [32mIntermediate result: {'loss': 0.14301271736621857, 'accuracy': 0.9670000076293945, 'val_loss': 0.3651391565799713, 'val_accuracy': 0.8880000114440918}  (Index 8)[0m
INFO:nni:Intermediate result: {'loss': 0.14301271736621857, 'accuracy': 0.9670000076293945, 'val_loss': 0.3651391565799713, 'val_accuracy': 0.8880000114440918}  (Index 8)

5/5 [==============================] - 1s 130ms/step - loss: 0.1430 - accuracy: 0.9670 - val_loss: 0.3651 - val_accuracy: 0.8880
Epoch 10/10

1/5 [=====>........................] - ETA: 0s - loss: 0.1575 - accuracy: 0.9650
2/5 [===========>..................] - ETA: 0s - loss: 0.1265 - accuracy: 0.9650
3/5 [=================>............] - ETA: 0s - loss: 0.1080 - accuracy: 0.9750
4/5 [=======================>......] - ETA: 0s - loss: 0.1147 - accuracy: 0.9712
5/5 [==============================] - ETA: 0s - loss: 0.1111 - accuracy: 0.9730[2024-10-13 09:53:49] [32mIntermediate result: {'loss': 0.11107736080884933, 'accuracy': 0.9729999899864197, 'val_loss': 0.3587583601474762, 'val_accuracy': 0.8849999904632568}  (Index 9)[0m
INFO:nni:Intermediate result: {'loss': 0.11107736080884933, 'accuracy': 0.9729999899864197, 'val_loss': 0.3587583601474762, 'val_accuracy': 0.8849999904632568}  (Index 9)

5/5 [==============================] - 1s 135ms/step - loss: 0.1111 - accuracy: 0.9730 - val_loss: 0.3588 - val_accuracy: 0.8850
[2024-10-13 09:53:49] [32mFinal result: 0.8849999904632568[0m
INFO:nni:Final result: 0.8849999904632568
